<?xml version="1.0" encoding="UTF-8"?>
<!-- Generated by org.testng.reporters.JUnitXMLReporter -->
<testsuite ignored="0" hostname="Manu786" failures="1" tests="1" name="Test" time="59.198" errors="0" timestamp="2025-01-06T12:35:44 EST">
  <testcase classname="com.luma.loginpagetests.CreateNewCxAccTest" name="VerifyCreateNewCxAccTest" time="7.482">
    <failure type="java.lang.AssertionError" message="expected [Thank you for registering with Main Website Store.] but found [My Account]">
      <![CDATA[java.lang.AssertionError: expected [Thank you for registering with Main Website Store.] but found [My Account]
at com.luma.loginpagetests.CreateNewCxAccTest.VerifyCreateNewCxAccTest(CreateNewCxAccTest.java:24)
at java.base/java.util.ArrayList.forEach(ArrayList.java:1596)
... Removed 31 stack frames]]>
    </failure>
  </testcase> <!-- VerifyCreateNewCxAccTest -->
</testsuite> <!-- Test -->
