<?xml version="1.0" encoding="UTF-8"?>
<testng-results ignored="0" total="1" passed="1" failed="0" skipped="0">
  <reporter-output>
  </reporter-output>
  <suite started-at="2025-01-05T21:47:11 EST" name="Suite" finished-at="2025-01-05T21:48:00 EST" duration-ms="49137">
    <groups>
    </groups>
    <test started-at="2025-01-05T21:47:11 EST" name="Test" finished-at="2025-01-05T21:48:00 EST" duration-ms="49137">
      <class name="com.luma.loginpagetests.CreateNewCxAccTest">
        <test-method is-config="true" signature="launchSite()[pri:0, instance:com.luma.loginpagetests.CreateNewCxAccTest@5e0826e7]" started-at="2025-01-05T21:47:11 EST" name="launchSite" finished-at="2025-01-05T21:47:23 EST" duration-ms="12862" status="PASS">
          <reporter-output>
          </reporter-output>
        </test-method> <!-- launchSite -->
        <test-method signature="VerifyCreateNewCxAccTest()[pri:0, instance:com.luma.loginpagetests.CreateNewCxAccTest@5e0826e7]" started-at="2025-01-05T21:47:23 EST" name="VerifyCreateNewCxAccTest" finished-at="2025-01-05T21:47:59 EST" duration-ms="35301" status="PASS">
          <reporter-output>
          </reporter-output>
        </test-method> <!-- VerifyCreateNewCxAccTest -->
        <test-method is-config="true" signature="tearDown()[pri:0, instance:com.luma.loginpagetests.CreateNewCxAccTest@5e0826e7]" started-at="2025-01-05T21:47:59 EST" name="tearDown" finished-at="2025-01-05T21:48:00 EST" duration-ms="888" status="PASS">
          <reporter-output>
          </reporter-output>
        </test-method> <!-- tearDown -->
      </class> <!-- com.luma.loginpagetests.CreateNewCxAccTest -->
    </test> <!-- Test -->
  </suite> <!-- Suite -->
</testng-results>
